# JRE version: Java(TM) SE Runtime Environment 18.9 (11.0.21+9) (build 11.0.21+9-LTS-193)
# Java VM: Java HotSpot(TM) 64-Bit Server VM 18.9 (11.0.21+9-LTS-193, mixed mode, tiered, compressed oops, g1 gc, windows-amd64)
Heap:
 garbage-first heap   total 262144K, used 66041K [0x0000000701000000, 0x0000000800000000)
  region size 1024K, 45 young (46080K), 2 survivors (2048K)
 Metaspace       used 24110K, capacity 24914K, committed 25088K, reserved 1071104K
  class space    used 2445K, capacity 2741K, committed 2816K, reserved 1048576K
GC Heap History (6 events):
Event: 0.398 GC heap before
{Heap before GC invocations=0 (full 0):
 garbage-first heap   total 262144K, used 23552K [0x0000000701000000, 0x0000000800000000)
  region size 1024K, 24 young (24576K), 0 survivors (0K)
 Metaspace       used 10514K, capacity 10684K, committed 10880K, reserved 1058816K
  class space    used 974K, capacity 1030K, committed 1152K, reserved 1048576K
}
Event: 0.401 GC heap after
{Heap after GC invocations=1 (full 0):
 garbage-first heap   total 262144K, used 5676K [0x0000000701000000, 0x0000000800000000)
  region size 1024K, 3 young (3072K), 3 survivors (3072K)
 Metaspace       used 10514K, capacity 10684K, committed 10880K, reserved 1058816K
  class space    used 974K, capacity 1030K, committed 1152K, reserved 1048576K
}
Event: 1.286 GC heap before
{Heap before GC invocations=1 (full 0):
 garbage-first heap   total 262144K, used 159276K [0x0000000701000000, 0x0000000800000000)
  region size 1024K, 153 young (156672K), 3 survivors (3072K)
 Metaspace       used 20519K, capacity 20849K, committed 20992K, reserved 1069056K
  class space    used 1890K, capacity 2011K, committed 2048K, reserved 1048576K
}
Event: 1.295 GC heap after
{Heap after GC invocations=2 (full 0):
 garbage-first heap   total 262144K, used 21076K [0x0000000701000000, 0x0000000800000000)
  region size 1024K, 19 young (19456K), 19 survivors (19456K)
 Metaspace       used 20519K, capacity 20849K, committed 20992K, reserved 1069056K
  class space    used 1890K, capacity 2011K, committed 2048K, reserved 1048576K
}
Event: 1.330 GC heap before
{Heap before GC invocations=2 (full 0):
 garbage-first heap   total 262144K, used 29268K [0x0000000701000000, 0x0000000800000000)
  region size 1024K, 28 young (28672K), 19 survivors (19456K)
 Metaspace       used 20773K, capacity 21108K, committed 21248K, reserved 1069056K
  class space    used 1928K, capacity 2036K, committed 2048K, reserved 1048576K
}
Event: 1.338 GC heap after
{Heap after GC invocations=3 (full 0):
 garbage-first heap   total 262144K, used 23033K [0x0000000701000000, 0x0000000800000000)
  region size 1024K, 2 young (2048K), 2 survivors (2048K)
 Metaspace       used 20773K, capacity 21108K, committed 21248K, reserved 1069056K
  class space    used 1928K, capacity 2036K, committed 2048K, reserved 1048576K
}

